мая 10, 2026 6:19:26 PM Server.Utils.ServerLogs.ServerLoger info
INFO: Сервер запущен на порту: 8081
мая 10, 2026 6:19:37 PM Server.Utils.ServerLogs.ServerLoger error
SEVERE: Ошибка входа: Некорректный ник: Ник пуст
Server.Utils.ExceptionPack.AuthExceptions$InvalidNickname: Ошибка входа: Некорректный ник: Ник пуст
	at Server.Model.ClientHandler.handleIncomingMessage(ClientHandler.java:65)
	at Server.Model.ClientHandler.run(ClientHandler.java:33)
	at java.base/java.util.concurrent.ThreadPerTaskExecutor$TaskRunner.run(ThreadPerTaskExecutor.java:314)
	at java.base/java.lang.VirtualThread.run(VirtualThread.java:329)

мая 10, 2026 6:19:37 PM Server.Utils.ServerLogs.ServerLoger info
INFO: Клиент удален. В сети: 0
мая 10, 2026 6:20:07 PM Server.Utils.ServerLogs.ServerLoger error
SEVERE: Ошибка входа: Некорректный ник: Ник пуст
Server.Utils.ExceptionPack.AuthExceptions$InvalidNickname: Ошибка входа: Некорректный ник: Ник пуст
	at Server.Model.ClientHandler.handleIncomingMessage(ClientHandler.java:65)
	at Server.Model.ClientHandler.run(ClientHandler.java:33)
	at java.base/java.util.concurrent.ThreadPerTaskExecutor$TaskRunner.run(ThreadPerTaskExecutor.java:314)
	at java.base/java.lang.VirtualThread.run(VirtualThread.java:329)

мая 10, 2026 6:20:07 PM Server.Utils.ServerLogs.ServerLoger info
INFO: Клиент удален. В сети: 0
мая 10, 2026 6:22:45 PM Server.Utils.ServerLogs.ServerLoger info
INFO: Сервер запущен на порту: 8081
мая 10, 2026 6:22:51 PM Server.Utils.ServerLogs.ServerLoger info
INFO: Клиент добавлен. В сети: 1
мая 10, 2026 6:23:10 PM Server.Utils.ServerLogs.ServerLoger error
SEVERE: Ошибка входа: Ник 'user1' уже занят.
Server.Utils.ExceptionPack.AuthExceptions$UserAlreadyExists: Ошибка входа: Ник 'user1' уже занят.
	at Server.Model.ClientHandler.handleIncomingMessage(ClientHandler.java:70)
	at Server.Model.ClientHandler.run(ClientHandler.java:33)
	at java.base/java.util.concurrent.ThreadPerTaskExecutor$TaskRunner.run(ThreadPerTaskExecutor.java:314)
	at java.base/java.lang.VirtualThread.run(VirtualThread.java:329)

мая 10, 2026 6:23:10 PM Server.Utils.ServerLogs.ServerLoger info
INFO: Клиент удален. В сети: 1
мая 10, 2026 6:30:43 PM Server.Utils.ServerLogs.ServerLoger info
INFO: Сервер запущен на порту: 8081
мая 10, 2026 6:30:57 PM Server.Utils.ServerLogs.ServerLoger info
INFO: Клиент добавлен. В сети: 1
мая 10, 2026 6:31:08 PM Server.Utils.ServerLogs.ServerLoger info
INFO: Клиент добавлен. В сети: 2
мая 10, 2026 6:32:46 PM Server.Utils.ServerLogs.ServerLoger info
INFO: Сервер запущен на порту: 8081
мая 10, 2026 6:32:51 PM Server.Utils.ServerLogs.ServerLoger info
INFO: Клиент добавлен. В сети: 1
мая 10, 2026 6:42:19 PM Server.Utils.ServerLogs.ServerLoger info
INFO: Сервер запущен на порту: 8081
мая 10, 2026 6:42:32 PM Server.Utils.ServerLogs.ServerLoger info
INFO: Клиент добавлен. В сети: 1
мая 10, 2026 6:42:46 PM Server.Utils.ServerLogs.ServerLoger error
SEVERE: Соединение с kirill разорвано (EOF).
Server.Utils.ExceptionPack.SocketExceptions$ConnectionResetException: Соединение с kirill разорвано (EOF).
	at Server.Model.ClientHandler.run(ClientHandler.java:39)
	at java.base/java.util.concurrent.ThreadPerTaskExecutor$TaskRunner.run(ThreadPerTaskExecutor.java:314)
	at java.base/java.lang.VirtualThread.run(VirtualThread.java:329)

мая 10, 2026 6:42:46 PM Server.Utils.ServerLogs.ServerLoger info
INFO: Клиент удален. В сети: 0
мая 10, 2026 7:03:41 PM Server.Utils.ServerLogs.ServerLoger info
INFO: Сервер запущен на порту: 8081
мая 10, 2026 7:03:48 PM Server.Utils.ServerLogs.ServerLoger info
INFO: Клиент добавлен. В сети: 1
мая 10, 2026 7:03:59 PM Server.Utils.ServerLogs.ServerLoger error
SEVERE: Ошибка входа: Ник 'ru' уже занят.
Server.Utils.ExceptionPack.AuthExceptions$UserAlreadyExists: Ошибка входа: Ник 'ru' уже занят.
	at Server.Model.ClientHandler.handleIncomingMessage(ClientHandler.java:70)
	at Server.Model.ClientHandler.run(ClientHandler.java:33)
	at java.base/java.util.concurrent.ThreadPerTaskExecutor$TaskRunner.run(ThreadPerTaskExecutor.java:314)
	at java.base/java.lang.VirtualThread.run(VirtualThread.java:329)

мая 10, 2026 7:03:59 PM Server.Utils.ServerLogs.ServerLoger info
INFO: Клиент удален. В сети: 1
мая 10, 2026 7:04:07 PM Server.Utils.ServerLogs.ServerLoger info
INFO: Клиент добавлен. В сети: 2
мая 10, 2026 7:04:13 PM Server.Utils.ServerLogs.ServerLoger error
SEVERE: Соединение с ru разорвано (EOF).
Server.Utils.ExceptionPack.SocketExceptions$ConnectionResetException: Соединение с ru разорвано (EOF).
	at Server.Model.ClientHandler.run(ClientHandler.java:39)
	at java.base/java.util.concurrent.ThreadPerTaskExecutor$TaskRunner.run(ThreadPerTaskExecutor.java:314)
	at java.base/java.lang.VirtualThread.run(VirtualThread.java:329)

мая 10, 2026 7:04:13 PM Server.Utils.ServerLogs.ServerLoger info
INFO: Клиент удален. В сети: 1
мая 10, 2026 7:04:14 PM Server.Utils.ServerLogs.ServerLoger error
SEVERE: Соединение с riu2 разорвано (EOF).
Server.Utils.ExceptionPack.SocketExceptions$ConnectionResetException: Соединение с riu2 разорвано (EOF).
	at Server.Model.ClientHandler.run(ClientHandler.java:39)
	at java.base/java.util.concurrent.ThreadPerTaskExecutor$TaskRunner.run(ThreadPerTaskExecutor.java:314)
	at java.base/java.lang.VirtualThread.run(VirtualThread.java:329)

мая 10, 2026 7:04:14 PM Server.Utils.ServerLogs.ServerLoger info
INFO: Клиент удален. В сети: 0
